<?xml version="1.0" encoding="UTF-8"?>
<!-- Generated by org.testng.reporters.JUnitXMLReporter -->
<testsuite ignored="0" hostname="RKAINS007" failures="1" tests="1" name="Test" time="27.901" errors="0" timestamp="2023-12-09T21:14:27 IST">
  <testcase classname="com.sample.testLayer.TestScript" name="img75YrLogo" time="0.219">
    <failure type="java.lang.AssertionError" message="expected [false] but found [true]">
      <![CDATA[java.lang.AssertionError: expected [false] but found [true]
at com.sample.testLayer.TestScript.img75YrLogo(TestScript.java:17)
at java.base/java.util.ArrayList.forEach(ArrayList.java:1511)
... Removed 29 stack frames]]>
    </failure>
  </testcase> <!-- img75YrLogo -->
</testsuite> <!-- Test -->
